<?xml version="1.0" encoding="UTF-8"?>
<testsuite name="dalobo.grpc.integration.GrpcIntegrationTest" tests="1" skipped="0" failures="0" errors="0" timestamp="2018-06-04T23:10:34" hostname="Daniels-MacBook-Pro.local" time="5.887">
  <properties/>
  <testcase name="testGrpc" classname="dalobo.grpc.integration.GrpcIntegrationTest" time="5.887"/>
  <system-out><![CDATA[18/06/04 20:10:34 INFO server.GrpcServer: Starting server in port: 50051
18/06/04 20:10:35 INFO client.GrpcClient: Client started for host: localhost, port: 50051
18/06/04 20:10:35 INFO server.GrpcServer: Server started with services: [io.grpc.ServerServiceDefinition@5f29059e, io.grpc.ServerServiceDefinition@7f3cac7b, io.grpc.ServerServiceDefinition@15a45b5]
18/06/04 20:10:35 INFO util.HibernateUtil: Creating Hibernate Registry
18/06/04 20:10:35 INFO hibernate.Version: HHH000412: Hibernate Core {5.3.1.Final}
18/06/04 20:10:35 INFO cfg.Environment: HHH000206: hibernate.properties not found
18/06/04 20:10:38 INFO common.Version: HCANN000001: Hibernate Commons Annotations {5.0.3.Final}
18/06/04 20:10:38 WARN connections.pooling: HHH10001002: Using Hibernate built-in connection pool (not for production use!)
18/06/04 20:10:38 INFO connections.pooling: HHH10001005: using driver [org.postgresql.Driver] at URL [jdbc:postgresql://localhost:5432/wallet]
18/06/04 20:10:38 INFO connections.pooling: HHH10001001: Connection properties: {password=****, user=postgres}
18/06/04 20:10:38 INFO connections.pooling: HHH10001003: Autocommit mode: false
18/06/04 20:10:38 INFO internal.DriverManagerConnectionProviderImpl: HHH000115: Hibernate connection pool size: 20 (min=1)
18/06/04 20:10:38 INFO dialect.Dialect: HHH000400: Using dialect: org.hibernate.dialect.PostgreSQLDialect
18/06/04 20:10:39 INFO internal.LobCreatorBuilderImpl: HHH000424: Disabling contextual LOB creation as createClob() method threw error : java.lang.reflect.InvocationTargetException
18/06/04 20:10:39 INFO type.BasicTypeRegistry: HHH000270: Type registration [java.util.UUID] overrides previous : org.hibernate.type.UUIDBinaryType@393568f8
18/06/04 20:10:39 WARN mapping.RootClass: HHH000038: Composite-id class does not override equals(): dalobo.grpc.hibernate.model.WalletKey
18/06/04 20:10:39 WARN mapping.RootClass: HHH000039: Composite-id class does not override hashCode(): dalobo.grpc.hibernate.model.WalletKey
Hibernate: drop table if exists Wallet cascade
18/06/04 20:10:39 INFO connections.access: HHH10001501: Connection obtained from JdbcConnectionAccess [org.hibernate.engine.jdbc.env.internal.JdbcEnvironmentInitiator$ConnectionProviderJdbcConnectionAccess@17ebcc0c] for (non-JTA) DDL execution was not in auto-commit mode; the Connection 'local transaction' will be committed and the Connection will be set into auto-commit mode.
Hibernate: create table Wallet (CURRENCY varchar(255) not null, USER_ID int8 not null, amount float8 not null, primary key (CURRENCY, USER_ID))
18/06/04 20:10:39 INFO connections.access: HHH10001501: Connection obtained from JdbcConnectionAccess [org.hibernate.engine.jdbc.env.internal.JdbcEnvironmentInitiator$ConnectionProviderJdbcConnectionAccess@1d4c9d11] for (non-JTA) DDL execution was not in auto-commit mode; the Connection 'local transaction' will be committed and the Connection will be set into auto-commit mode.
18/06/04 20:10:39 INFO internal.SchemaCreatorImpl: HHH000476: Executing import script 'org.hibernate.tool.schema.internal.exec.ScriptSourceInputNonExistentImpl@5c5c92f7'
18/06/04 20:10:39 INFO util.HibernateUtil: Hibernate Session Factory created
Hibernate: select wallet0_.CURRENCY as CURRENCY1_0_0_, wallet0_.USER_ID as USER_ID2_0_0_, wallet0_.amount as amount3_0_0_ from Wallet wallet0_ where wallet0_.CURRENCY=? and wallet0_.USER_ID=?
Hibernate: select wallet0_.CURRENCY as CURRENCY1_0_0_, wallet0_.USER_ID as USER_ID2_0_0_, wallet0_.amount as amount3_0_0_ from Wallet wallet0_ where wallet0_.CURRENCY=? and wallet0_.USER_ID=?
Hibernate: insert into Wallet (amount, CURRENCY, USER_ID) values (?, ?, ?)
18/06/04 20:10:40 INFO internal.QueryTranslatorFactoryInitiator: HHH000397: Using ASTQueryTranslatorFactory
Hibernate: select wallet0_.CURRENCY as CURRENCY1_0_, wallet0_.USER_ID as USER_ID2_0_, wallet0_.amount as amount3_0_ from Wallet wallet0_ where USER_ID=?
Hibernate: select wallet0_.CURRENCY as CURRENCY1_0_0_, wallet0_.USER_ID as USER_ID2_0_0_, wallet0_.amount as amount3_0_0_ from Wallet wallet0_ where wallet0_.CURRENCY=? and wallet0_.USER_ID=?
Hibernate: select wallet0_.CURRENCY as CURRENCY1_0_0_, wallet0_.USER_ID as USER_ID2_0_0_, wallet0_.amount as amount3_0_0_ from Wallet wallet0_ where wallet0_.CURRENCY=? and wallet0_.USER_ID=?
Hibernate: insert into Wallet (amount, CURRENCY, USER_ID) values (?, ?, ?)
Hibernate: select wallet0_.CURRENCY as CURRENCY1_0_, wallet0_.USER_ID as USER_ID2_0_, wallet0_.amount as amount3_0_ from Wallet wallet0_ where USER_ID=?
Hibernate: select wallet0_.CURRENCY as CURRENCY1_0_0_, wallet0_.USER_ID as USER_ID2_0_0_, wallet0_.amount as amount3_0_0_ from Wallet wallet0_ where wallet0_.CURRENCY=? and wallet0_.USER_ID=?
Hibernate: select wallet0_.CURRENCY as CURRENCY1_0_0_, wallet0_.USER_ID as USER_ID2_0_0_, wallet0_.amount as amount3_0_0_ from Wallet wallet0_ where wallet0_.CURRENCY=? and wallet0_.USER_ID=?
Hibernate: update Wallet set amount=? where CURRENCY=? and USER_ID=?
Hibernate: select wallet0_.CURRENCY as CURRENCY1_0_, wallet0_.USER_ID as USER_ID2_0_, wallet0_.amount as amount3_0_ from Wallet wallet0_ where USER_ID=?
Hibernate: select wallet0_.CURRENCY as CURRENCY1_0_0_, wallet0_.USER_ID as USER_ID2_0_0_, wallet0_.amount as amount3_0_0_ from Wallet wallet0_ where wallet0_.CURRENCY=? and wallet0_.USER_ID=?
Hibernate: update Wallet set amount=? where CURRENCY=? and USER_ID=?
Hibernate: select wallet0_.CURRENCY as CURRENCY1_0_, wallet0_.USER_ID as USER_ID2_0_, wallet0_.amount as amount3_0_ from Wallet wallet0_ where USER_ID=?
Hibernate: select wallet0_.CURRENCY as CURRENCY1_0_0_, wallet0_.USER_ID as USER_ID2_0_0_, wallet0_.amount as amount3_0_0_ from Wallet wallet0_ where wallet0_.CURRENCY=? and wallet0_.USER_ID=?
18/06/04 20:10:40 INFO client.GrpcClient: Shutting down client
18/06/04 20:10:40 INFO client.GrpcClient: Shut down client
18/06/04 20:10:40 INFO server.GrpcServer: Shutting down server
18/06/04 20:10:40 INFO server.GrpcServer: Server shut down
18/06/04 20:10:40 INFO server.GrpcServer: Shutting down Hibernate
18/06/04 20:10:40 INFO connections.pooling: HHH10001008: Cleaning up connection pool [jdbc:postgresql://localhost:5432/wallet]
18/06/04 20:10:40 INFO util.HibernateUtil: Destroyed StandardServiceRegistry for Hibernate. Shut down requested.
18/06/04 20:10:40 INFO server.GrpcServer: Hibernate shut down
]]></system-out>
  <system-err><![CDATA[]]></system-err>
</testsuite>
